{PerceiveAction:2:false}:ACTION_DONE
{PerceiveAction:2:false}:ACTION_DONE
uk.ac.rhul.cs.dice.vacuumworld.actions.MoveAction@1f:ACTION_DONE
{PerceiveAction:2:false}:ACTION_DONE
{PerceiveAction:2:false}:ACTION_DONE
uk.ac.rhul.cs.dice.vacuumworld.actions.CleanAction@1f:ACTION_IMPOSSIBLE
uk.ac.rhul.cs.dice.vacuumworld.actions.CleanAction@1f:ACTION_DONE
uk.ac.rhul.cs.dice.vacuumworld.actions.TurnRightAction@1f:ACTION_DONE
{PerceiveAction:2:false}:ACTION_DONE
uk.ac.rhul.cs.dice.vacuumworld.actions.SpeechAction@1f:ACTION_DONE
uk.ac.rhul.cs.dice.vacuumworld.actions.TurnRightAction@1f:ACTION_DONE
{PerceiveAction:2:false}:ACTION_DONE
uk.ac.rhul.cs.dice.vacuumworld.actions.TurnRightAction@1f:ACTION_DONE
{PerceiveAction:2:false}:ACTION_DONE
uk.ac.rhul.cs.dice.vacuumworld.actions.MoveAction@1f:ACTION_DONE
uk.ac.rhul.cs.dice.vacuumworld.actions.TurnLeftAction@1f:ACTION_DONE
{PerceiveAction:2:false}:ACTION_DONE
uk.ac.rhul.cs.dice.vacuumworld.actions.TurnLeftAction@1f:ACTION_DONE
uk.ac.rhul.cs.dice.vacuumworld.actions.CleanAction@1f:ACTION_IMPOSSIBLE
{PerceiveAction:2:false}:ACTION_DONE
uk.ac.rhul.cs.dice.vacuumworld.actions.SpeechAction@1f:ACTION_DONE
{PerceiveAction:2:false}:ACTION_DONE
uk.ac.rhul.cs.dice.vacuumworld.actions.SpeechAction@1f:ACTION_DONE
uk.ac.rhul.cs.dice.vacuumworld.actions.SpeechAction@1f:ACTION_DONE
uk.ac.rhul.cs.dice.vacuumworld.actions.MoveAction@1f:ACTION_DONE
uk.ac.rhul.cs.dice.vacuumworld.actions.SpeechAction@1f:ACTION_DONE
uk.ac.rhul.cs.dice.vacuumworld.actions.MoveAction@1f:ACTION_DONE
{PerceiveAction:2:false}:ACTION_DONE
uk.ac.rhul.cs.dice.vacuumworld.actions.MoveAction@1f:ACTION_DONE
uk.ac.rhul.cs.dice.vacuumworld.actions.TurnLeftAction@1f:ACTION_DONE
uk.ac.rhul.cs.dice.vacuumworld.actions.MoveAction@1f:ACTION_DONE
uk.ac.rhul.cs.dice.vacuumworld.actions.MoveAction@1f:ACTION_DONE
{PerceiveAction:2:false}:ACTION_DONE
uk.ac.rhul.cs.dice.vacuumworld.actions.TurnRightAction@1f:ACTION_DONE
{PerceiveAction:2:false}:ACTION_DONE
uk.ac.rhul.cs.dice.vacuumworld.actions.SpeechAction@1f:ACTION_DONE
uk.ac.rhul.cs.dice.vacuumworld.actions.SpeechAction@1f:ACTION_DONE
uk.ac.rhul.cs.dice.vacuumworld.actions.TurnRightAction@1f:ACTION_DONE
uk.ac.rhul.cs.dice.vacuumworld.actions.TurnLeftAction@1f:ACTION_DONE
uk.ac.rhul.cs.dice.vacuumworld.actions.TurnLeftAction@1f:ACTION_DONE
uk.ac.rhul.cs.dice.vacuumworld.actions.SpeechAction@1f:ACTION_DONE
uk.ac.rhul.cs.dice.vacuumworld.actions.CleanAction@1f:ACTION_IMPOSSIBLE
uk.ac.rhul.cs.dice.vacuumworld.actions.TurnLeftAction@1f:ACTION_DONE
uk.ac.rhul.cs.dice.vacuumworld.actions.SpeechAction@1f:ACTION_DONE
uk.ac.rhul.cs.dice.vacuumworld.actions.MoveAction@1f:ACTION_DONE
uk.ac.rhul.cs.dice.vacuumworld.actions.CleanAction@1f:ACTION_IMPOSSIBLE
uk.ac.rhul.cs.dice.vacuumworld.actions.TurnRightAction@1f:ACTION_DONE
uk.ac.rhul.cs.dice.vacuumworld.actions.TurnLeftAction@1f:ACTION_DONE
{PerceiveAction:2:false}:ACTION_DONE
{PerceiveAction:2:false}:ACTION_DONE
uk.ac.rhul.cs.dice.vacuumworld.actions.CleanAction@1f:ACTION_IMPOSSIBLE
uk.ac.rhul.cs.dice.vacuumworld.actions.TurnRightAction@1f:ACTION_DONE
{PerceiveAction:2:false}:ACTION_DONE
uk.ac.rhul.cs.dice.vacuumworld.actions.CleanAction@1f:ACTION_IMPOSSIBLE
uk.ac.rhul.cs.dice.vacuumworld.actions.TurnLeftAction@1f:ACTION_DONE
uk.ac.rhul.cs.dice.vacuumworld.actions.CleanAction@1f:ACTION_IMPOSSIBLE
uk.ac.rhul.cs.dice.vacuumworld.actions.TurnRightAction@1f:ACTION_DONE
uk.ac.rhul.cs.dice.vacuumworld.actions.CleanAction@1f:ACTION_IMPOSSIBLE
uk.ac.rhul.cs.dice.vacuumworld.actions.MoveAction@1f:ACTION_DONE
uk.ac.rhul.cs.dice.vacuumworld.actions.SpeechAction@1f:ACTION_DONE
uk.ac.rhul.cs.dice.vacuumworld.actions.MoveAction@1f:ACTION_DONE
uk.ac.rhul.cs.dice.vacuumworld.actions.SpeechAction@1f:ACTION_DONE
uk.ac.rhul.cs.dice.vacuumworld.actions.CleanAction@1f:ACTION_IMPOSSIBLE
uk.ac.rhul.cs.dice.vacuumworld.actions.MoveAction@1f:ACTION_IMPOSSIBLE
uk.ac.rhul.cs.dice.vacuumworld.actions.TurnRightAction@1f:ACTION_DONE
uk.ac.rhul.cs.dice.vacuumworld.actions.MoveAction@1f:ACTION_IMPOSSIBLE
{PerceiveAction:2:false}:ACTION_DONE
uk.ac.rhul.cs.dice.vacuumworld.actions.CleanAction@1f:ACTION_IMPOSSIBLE
{PerceiveAction:2:false}:ACTION_DONE
uk.ac.rhul.cs.dice.vacuumworld.actions.SpeechAction@1f:ACTION_DONE
uk.ac.rhul.cs.dice.vacuumworld.actions.CleanAction@1f:ACTION_IMPOSSIBLE
uk.ac.rhul.cs.dice.vacuumworld.actions.TurnRightAction@1f:ACTION_DONE
uk.ac.rhul.cs.dice.vacuumworld.actions.SpeechAction@1f:ACTION_DONE
uk.ac.rhul.cs.dice.vacuumworld.actions.SpeechAction@1f:ACTION_DONE
uk.ac.rhul.cs.dice.vacuumworld.actions.CleanAction@1f:ACTION_IMPOSSIBLE
uk.ac.rhul.cs.dice.vacuumworld.actions.TurnRightAction@1f:ACTION_DONE
{PerceiveAction:2:false}:ACTION_DONE
uk.ac.rhul.cs.dice.vacuumworld.actions.CleanAction@1f:ACTION_IMPOSSIBLE
uk.ac.rhul.cs.dice.vacuumworld.actions.MoveAction@1f:ACTION_DONE
uk.ac.rhul.cs.dice.vacuumworld.actions.TurnRightAction@1f:ACTION_DONE
uk.ac.rhul.cs.dice.vacuumworld.actions.TurnRightAction@1f:ACTION_DONE
uk.ac.rhul.cs.dice.vacuumworld.actions.TurnRightAction@1f:ACTION_DONE
uk.ac.rhul.cs.dice.vacuumworld.actions.MoveAction@1f:ACTION_DONE
{PerceiveAction:2:false}:ACTION_DONE
uk.ac.rhul.cs.dice.vacuumworld.actions.TurnRightAction@1f:ACTION_DONE
{PerceiveAction:2:false}:ACTION_DONE
uk.ac.rhul.cs.dice.vacuumworld.actions.CleanAction@1f:ACTION_IMPOSSIBLE
uk.ac.rhul.cs.dice.vacuumworld.actions.TurnLeftAction@1f:ACTION_DONE
uk.ac.rhul.cs.dice.vacuumworld.actions.CleanAction@1f:ACTION_IMPOSSIBLE
{PerceiveAction:2:false}:ACTION_DONE
uk.ac.rhul.cs.dice.vacuumworld.actions.SpeechAction@1f:ACTION_DONE
uk.ac.rhul.cs.dice.vacuumworld.actions.CleanAction@1f:ACTION_IMPOSSIBLE
{PerceiveAction:2:false}:ACTION_DONE
uk.ac.rhul.cs.dice.vacuumworld.actions.TurnRightAction@1f:ACTION_DONE
uk.ac.rhul.cs.dice.vacuumworld.actions.TurnRightAction@1f:ACTION_DONE
{PerceiveAction:2:false}:ACTION_DONE
uk.ac.rhul.cs.dice.vacuumworld.actions.TurnRightAction@1f:ACTION_DONE
uk.ac.rhul.cs.dice.vacuumworld.actions.CleanAction@1f:ACTION_IMPOSSIBLE
uk.ac.rhul.cs.dice.vacuumworld.actions.SpeechAction@1f:ACTION_DONE
uk.ac.rhul.cs.dice.vacuumworld.actions.TurnRightAction@1f:ACTION_DONE
uk.ac.rhul.cs.dice.vacuumworld.actions.TurnLeftAction@1f:ACTION_DONE
uk.ac.rhul.cs.dice.vacuumworld.actions.CleanAction@1f:ACTION_IMPOSSIBLE
{PerceiveAction:2:false}:ACTION_DONE
uk.ac.rhul.cs.dice.vacuumworld.actions.TurnLeftAction@1f:ACTION_DONE
uk.ac.rhul.cs.dice.vacuumworld.actions.CleanAction@1f:ACTION_IMPOSSIBLE
uk.ac.rhul.cs.dice.vacuumworld.actions.TurnLeftAction@1f:ACTION_DONE
uk.ac.rhul.cs.dice.vacuumworld.actions.MoveAction@1f:ACTION_DONE
uk.ac.rhul.cs.dice.vacuumworld.actions.TurnRightAction@1f:ACTION_DONE
uk.ac.rhul.cs.dice.vacuumworld.actions.TurnRightAction@1f:ACTION_DONE
uk.ac.rhul.cs.dice.vacuumworld.actions.CleanAction@1f:ACTION_IMPOSSIBLE
uk.ac.rhul.cs.dice.vacuumworld.actions.CleanAction@1f:ACTION_IMPOSSIBLE
{PerceiveAction:2:false}:ACTION_DONE
uk.ac.rhul.cs.dice.vacuumworld.actions.SpeechAction@1f:ACTION_DONE
uk.ac.rhul.cs.dice.vacuumworld.actions.TurnLeftAction@1f:ACTION_DONE
uk.ac.rhul.cs.dice.vacuumworld.actions.CleanAction@1f:ACTION_IMPOSSIBLE
uk.ac.rhul.cs.dice.vacuumworld.actions.TurnRightAction@1f:ACTION_DONE
uk.ac.rhul.cs.dice.vacuumworld.actions.SpeechAction@1f:ACTION_DONE
uk.ac.rhul.cs.dice.vacuumworld.actions.TurnLeftAction@1f:ACTION_DONE
uk.ac.rhul.cs.dice.vacuumworld.actions.TurnRightAction@1f:ACTION_DONE
uk.ac.rhul.cs.dice.vacuumworld.actions.MoveAction@1f:ACTION_DONE
uk.ac.rhul.cs.dice.vacuumworld.actions.SpeechAction@1f:ACTION_DONE
{PerceiveAction:2:false}:ACTION_DONE
uk.ac.rhul.cs.dice.vacuumworld.actions.CleanAction@1f:ACTION_IMPOSSIBLE
uk.ac.rhul.cs.dice.vacuumworld.actions.TurnLeftAction@1f:ACTION_DONE
uk.ac.rhul.cs.dice.vacuumworld.actions.TurnLeftAction@1f:ACTION_DONE
{PerceiveAction:2:false}:ACTION_DONE
uk.ac.rhul.cs.dice.vacuumworld.actions.SpeechAction@1f:ACTION_DONE
uk.ac.rhul.cs.dice.vacuumworld.actions.MoveAction@1f:ACTION_DONE
uk.ac.rhul.cs.dice.vacuumworld.actions.SpeechAction@1f:ACTION_DONE
uk.ac.rhul.cs.dice.vacuumworld.actions.CleanAction@1f:ACTION_IMPOSSIBLE
{PerceiveAction:2:false}:ACTION_DONE
uk.ac.rhul.cs.dice.vacuumworld.actions.TurnLeftAction@1f:ACTION_DONE
uk.ac.rhul.cs.dice.vacuumworld.actions.TurnLeftAction@1f:ACTION_DONE
{PerceiveAction:2:false}:ACTION_DONE
uk.ac.rhul.cs.dice.vacuumworld.actions.SpeechAction@1f:ACTION_DONE
{PerceiveAction:2:false}:ACTION_DONE
uk.ac.rhul.cs.dice.vacuumworld.actions.CleanAction@1f:ACTION_IMPOSSIBLE
uk.ac.rhul.cs.dice.vacuumworld.actions.TurnLeftAction@1f:ACTION_DONE
uk.ac.rhul.cs.dice.vacuumworld.actions.MoveAction@1f:ACTION_DONE
uk.ac.rhul.cs.dice.vacuumworld.actions.CleanAction@1f:ACTION_IMPOSSIBLE
